2016-03-12 14:06:24,451 - [INFO] - from play in main 
Listening for HTTP on port 9000...

2016-03-12 14:06:31,278 - [INFO] - from play in play-akka.actor.default-dispatcher-3 
Application started (Dev)

2016-03-12 14:06:35,657 - [ERROR] - from application in play-akka.actor.actions-dispatcher-5 


! @6pd0nib66 - Internal server error, for request [GET /manager/projects] ->

play.core.ActionInvoker$$anonfun$receive$1$$anon$1: Execution exception [[NullPointerException: null]]
	at play.core.ActionInvoker$$anonfun$receive$1.apply(Invoker.scala:134) [play_2.9.1.jar:2.0.4]
	at play.core.ActionInvoker$$anonfun$receive$1.apply(Invoker.scala:115) [play_2.9.1.jar:2.0.4]
	at akka.actor.Actor$class.apply(Actor.scala:318) [akka-actor.jar:2.0.2]
	at play.core.ActionInvoker.apply(Invoker.scala:113) [play_2.9.1.jar:2.0.4]
	at akka.actor.ActorCell.invoke(ActorCell.scala:626) [akka-actor.jar:2.0.2]
	at akka.dispatch.Mailbox.processMailbox(Mailbox.scala:197) [akka-actor.jar:2.0.2]
	at akka.dispatch.Mailbox.run(Mailbox.scala:179) [akka-actor.jar:2.0.2]
	at akka.dispatch.ForkJoinExecutorConfigurator$MailboxExecutionTask.exec(AbstractDispatcher.scala:516) [akka-actor.jar:2.0.2]
	at akka.jsr166y.ForkJoinTask.doExec(ForkJoinTask.java:259) [akka-actor.jar:2.0.2]
	at akka.jsr166y.ForkJoinPool$WorkQueue.runTask(ForkJoinPool.java:975) [akka-actor.jar:2.0.2]
	at akka.jsr166y.ForkJoinPool.runWorker(ForkJoinPool.java:1479) [akka-actor.jar:2.0.2]
	at akka.jsr166y.ForkJoinWorkerThread.run(ForkJoinWorkerThread.java:104) [akka-actor.jar:2.0.2]
Caused by: java.lang.NullPointerException: null
	at gr.ntua.ivml.mint.oai.model.Project.getProjectsMetadata(Project.java:51) ~[classes/:na]
	at gr.ntua.ivml.mint.oai.model.Project.getProjects(Project.java:65) ~[classes/:na]
	at controllers.Projects.getProjects(Projects.java:43) ~[classes/:na]
	at Routes$$anonfun$routes$1$$anonfun$apply$17$$anonfun$apply$18.apply(routes_routing.scala:180) ~[classes/:na]
	at Routes$$anonfun$routes$1$$anonfun$apply$17$$anonfun$apply$18.apply(routes_routing.scala:180) ~[classes/:na]
	at play.core.Router$HandlerInvoker$$anon$5$$anon$1.invocation(Router.scala:1090) ~[play_2.9.1.jar:2.0.4]
	at play.core.j.JavaAction$$anon$1.call(JavaAction.scala:33) ~[play_2.9.1.jar:2.0.4]
	at play.core.j.JavaAction$class.apply(JavaAction.scala:74) ~[play_2.9.1.jar:2.0.4]
	at play.core.Router$HandlerInvoker$$anon$5$$anon$1.apply(Router.scala:1089) ~[play_2.9.1.jar:2.0.4]
	at play.core.ActionInvoker$$anonfun$receive$1$$anonfun$6.apply(Invoker.scala:126) ~[play_2.9.1.jar:2.0.4]
	at play.core.ActionInvoker$$anonfun$receive$1$$anonfun$6.apply(Invoker.scala:126) ~[play_2.9.1.jar:2.0.4]
	at play.utils.Threads$.withContextClassLoader(Threads.scala:17) ~[play_2.9.1.jar:2.0.4]
	at play.core.ActionInvoker$$anonfun$receive$1.apply(Invoker.scala:125) [play_2.9.1.jar:2.0.4]
	... 11 common frames omitted

2016-03-12 14:07:06,597 - [ERROR] - from application in play-akka.actor.actions-dispatcher-9 


! @6pd0nib67 - Internal server error, for request [GET /manager/projects] ->

play.core.ActionInvoker$$anonfun$receive$1$$anon$1: Execution exception [[NullPointerException: null]]
	at play.core.ActionInvoker$$anonfun$receive$1.apply(Invoker.scala:134) [play_2.9.1.jar:2.0.4]
	at play.core.ActionInvoker$$anonfun$receive$1.apply(Invoker.scala:115) [play_2.9.1.jar:2.0.4]
	at akka.actor.Actor$class.apply(Actor.scala:318) [akka-actor.jar:2.0.2]
	at play.core.ActionInvoker.apply(Invoker.scala:113) [play_2.9.1.jar:2.0.4]
	at akka.actor.ActorCell.invoke(ActorCell.scala:626) [akka-actor.jar:2.0.2]
	at akka.dispatch.Mailbox.processMailbox(Mailbox.scala:197) [akka-actor.jar:2.0.2]
	at akka.dispatch.Mailbox.run(Mailbox.scala:179) [akka-actor.jar:2.0.2]
	at akka.dispatch.ForkJoinExecutorConfigurator$MailboxExecutionTask.exec(AbstractDispatcher.scala:516) [akka-actor.jar:2.0.2]
	at akka.jsr166y.ForkJoinTask.doExec(ForkJoinTask.java:259) [akka-actor.jar:2.0.2]
	at akka.jsr166y.ForkJoinPool$WorkQueue.runTask(ForkJoinPool.java:975) [akka-actor.jar:2.0.2]
	at akka.jsr166y.ForkJoinPool.runWorker(ForkJoinPool.java:1479) [akka-actor.jar:2.0.2]
	at akka.jsr166y.ForkJoinWorkerThread.run(ForkJoinWorkerThread.java:104) [akka-actor.jar:2.0.2]
Caused by: java.lang.NullPointerException: null
	at gr.ntua.ivml.mint.oai.model.Project.getProjectsMetadata(Project.java:51) ~[classes/:na]
	at gr.ntua.ivml.mint.oai.model.Project.getProjects(Project.java:65) ~[classes/:na]
	at controllers.Projects.getProjects(Projects.java:43) ~[classes/:na]
	at Routes$$anonfun$routes$1$$anonfun$apply$17$$anonfun$apply$18.apply(routes_routing.scala:180) ~[classes/:na]
	at Routes$$anonfun$routes$1$$anonfun$apply$17$$anonfun$apply$18.apply(routes_routing.scala:180) ~[classes/:na]
	at play.core.Router$HandlerInvoker$$anon$5$$anon$1.invocation(Router.scala:1090) ~[play_2.9.1.jar:2.0.4]
	at play.core.j.JavaAction$$anon$1.call(JavaAction.scala:33) ~[play_2.9.1.jar:2.0.4]
	at play.core.j.JavaAction$class.apply(JavaAction.scala:74) ~[play_2.9.1.jar:2.0.4]
	at play.core.Router$HandlerInvoker$$anon$5$$anon$1.apply(Router.scala:1089) ~[play_2.9.1.jar:2.0.4]
	at play.core.ActionInvoker$$anonfun$receive$1$$anonfun$6.apply(Invoker.scala:126) ~[play_2.9.1.jar:2.0.4]
	at play.core.ActionInvoker$$anonfun$receive$1$$anonfun$6.apply(Invoker.scala:126) ~[play_2.9.1.jar:2.0.4]
	at play.utils.Threads$.withContextClassLoader(Threads.scala:17) ~[play_2.9.1.jar:2.0.4]
	at play.core.ActionInvoker$$anonfun$receive$1.apply(Invoker.scala:125) [play_2.9.1.jar:2.0.4]
	... 11 common frames omitted

2016-03-12 14:09:56,191 - [ERROR] - from application in play-akka.actor.actions-dispatcher-8 


! @6pd0nib68 - Internal server error, for request [GET /manager/projects] ->

play.core.ActionInvoker$$anonfun$receive$1$$anon$1: Execution exception [[NullPointerException: null]]
	at play.core.ActionInvoker$$anonfun$receive$1.apply(Invoker.scala:134) [play_2.9.1.jar:2.0.4]
	at play.core.ActionInvoker$$anonfun$receive$1.apply(Invoker.scala:115) [play_2.9.1.jar:2.0.4]
	at akka.actor.Actor$class.apply(Actor.scala:318) [akka-actor.jar:2.0.2]
	at play.core.ActionInvoker.apply(Invoker.scala:113) [play_2.9.1.jar:2.0.4]
	at akka.actor.ActorCell.invoke(ActorCell.scala:626) [akka-actor.jar:2.0.2]
	at akka.dispatch.Mailbox.processMailbox(Mailbox.scala:197) [akka-actor.jar:2.0.2]
	at akka.dispatch.Mailbox.run(Mailbox.scala:179) [akka-actor.jar:2.0.2]
	at akka.dispatch.ForkJoinExecutorConfigurator$MailboxExecutionTask.exec(AbstractDispatcher.scala:516) [akka-actor.jar:2.0.2]
	at akka.jsr166y.ForkJoinTask.doExec(ForkJoinTask.java:259) [akka-actor.jar:2.0.2]
	at akka.jsr166y.ForkJoinPool$WorkQueue.runTask(ForkJoinPool.java:975) [akka-actor.jar:2.0.2]
	at akka.jsr166y.ForkJoinPool.runWorker(ForkJoinPool.java:1479) [akka-actor.jar:2.0.2]
	at akka.jsr166y.ForkJoinWorkerThread.run(ForkJoinWorkerThread.java:104) [akka-actor.jar:2.0.2]
Caused by: java.lang.NullPointerException: null
	at gr.ntua.ivml.mint.oai.model.Project.getProjectsMetadata(Project.java:51) ~[classes/:na]
	at gr.ntua.ivml.mint.oai.model.Project.getProjects(Project.java:65) ~[classes/:na]
	at controllers.Projects.getProjects(Projects.java:43) ~[classes/:na]
	at Routes$$anonfun$routes$1$$anonfun$apply$17$$anonfun$apply$18.apply(routes_routing.scala:180) ~[classes/:na]
	at Routes$$anonfun$routes$1$$anonfun$apply$17$$anonfun$apply$18.apply(routes_routing.scala:180) ~[classes/:na]
	at play.core.Router$HandlerInvoker$$anon$5$$anon$1.invocation(Router.scala:1090) ~[play_2.9.1.jar:2.0.4]
	at play.core.j.JavaAction$$anon$1.call(JavaAction.scala:33) ~[play_2.9.1.jar:2.0.4]
	at play.core.j.JavaAction$class.apply(JavaAction.scala:74) ~[play_2.9.1.jar:2.0.4]
	at play.core.Router$HandlerInvoker$$anon$5$$anon$1.apply(Router.scala:1089) ~[play_2.9.1.jar:2.0.4]
	at play.core.ActionInvoker$$anonfun$receive$1$$anonfun$6.apply(Invoker.scala:126) ~[play_2.9.1.jar:2.0.4]
	at play.core.ActionInvoker$$anonfun$receive$1$$anonfun$6.apply(Invoker.scala:126) ~[play_2.9.1.jar:2.0.4]
	at play.utils.Threads$.withContextClassLoader(Threads.scala:17) ~[play_2.9.1.jar:2.0.4]
	at play.core.ActionInvoker$$anonfun$receive$1.apply(Invoker.scala:125) [play_2.9.1.jar:2.0.4]
	... 11 common frames omitted

2016-03-12 14:10:20,906 - [ERROR] - from application in play-akka.actor.actions-dispatcher-10 


! @6pd0nib69 - Internal server error, for request [GET /manager/projects] ->

play.core.ActionInvoker$$anonfun$receive$1$$anon$1: Execution exception [[NullPointerException: null]]
	at play.core.ActionInvoker$$anonfun$receive$1.apply(Invoker.scala:134) [play_2.9.1.jar:2.0.4]
	at play.core.ActionInvoker$$anonfun$receive$1.apply(Invoker.scala:115) [play_2.9.1.jar:2.0.4]
	at akka.actor.Actor$class.apply(Actor.scala:318) [akka-actor.jar:2.0.2]
	at play.core.ActionInvoker.apply(Invoker.scala:113) [play_2.9.1.jar:2.0.4]
	at akka.actor.ActorCell.invoke(ActorCell.scala:626) [akka-actor.jar:2.0.2]
	at akka.dispatch.Mailbox.processMailbox(Mailbox.scala:197) [akka-actor.jar:2.0.2]
	at akka.dispatch.Mailbox.run(Mailbox.scala:179) [akka-actor.jar:2.0.2]
	at akka.dispatch.ForkJoinExecutorConfigurator$MailboxExecutionTask.exec(AbstractDispatcher.scala:516) [akka-actor.jar:2.0.2]
	at akka.jsr166y.ForkJoinTask.doExec(ForkJoinTask.java:259) [akka-actor.jar:2.0.2]
	at akka.jsr166y.ForkJoinPool$WorkQueue.runTask(ForkJoinPool.java:975) [akka-actor.jar:2.0.2]
	at akka.jsr166y.ForkJoinPool.runWorker(ForkJoinPool.java:1479) [akka-actor.jar:2.0.2]
	at akka.jsr166y.ForkJoinWorkerThread.run(ForkJoinWorkerThread.java:104) [akka-actor.jar:2.0.2]
Caused by: java.lang.NullPointerException: null
	at gr.ntua.ivml.mint.oai.model.Project.getProjectsMetadata(Project.java:51) ~[classes/:na]
	at gr.ntua.ivml.mint.oai.model.Project.getProjects(Project.java:65) ~[classes/:na]
	at controllers.Projects.getProjects(Projects.java:43) ~[classes/:na]
	at Routes$$anonfun$routes$1$$anonfun$apply$17$$anonfun$apply$18.apply(routes_routing.scala:180) ~[classes/:na]
	at Routes$$anonfun$routes$1$$anonfun$apply$17$$anonfun$apply$18.apply(routes_routing.scala:180) ~[classes/:na]
	at play.core.Router$HandlerInvoker$$anon$5$$anon$1.invocation(Router.scala:1090) ~[play_2.9.1.jar:2.0.4]
	at play.core.j.JavaAction$$anon$1.call(JavaAction.scala:33) ~[play_2.9.1.jar:2.0.4]
	at play.core.j.JavaAction$class.apply(JavaAction.scala:74) ~[play_2.9.1.jar:2.0.4]
	at play.core.Router$HandlerInvoker$$anon$5$$anon$1.apply(Router.scala:1089) ~[play_2.9.1.jar:2.0.4]
	at play.core.ActionInvoker$$anonfun$receive$1$$anonfun$6.apply(Invoker.scala:126) ~[play_2.9.1.jar:2.0.4]
	at play.core.ActionInvoker$$anonfun$receive$1$$anonfun$6.apply(Invoker.scala:126) ~[play_2.9.1.jar:2.0.4]
	at play.utils.Threads$.withContextClassLoader(Threads.scala:17) ~[play_2.9.1.jar:2.0.4]
	at play.core.ActionInvoker$$anonfun$receive$1.apply(Invoker.scala:125) [play_2.9.1.jar:2.0.4]
	... 11 common frames omitted

2016-03-12 14:18:30,606 - [ERROR] - from application in New I/O  worker #2 


! Internal server error, for request [GET /manager/] ->

sbt.PlayExceptions$CompilationException: Compilation error [error: ';' expected]
	at sbt.PlayReloader$$anon$2$$anonfun$reload$3$$anonfun$4$$anonfun$apply$12$$anonfun$apply$13.apply(PlayReloader.scala:236) ~[na:na]
	at sbt.PlayReloader$$anon$2$$anonfun$reload$3$$anonfun$4$$anonfun$apply$12$$anonfun$apply$13.apply(PlayReloader.scala:236) ~[na:na]
	at scala.Option.map(Option.scala:133) ~[scala-library.jar:0.11.3]
	at sbt.PlayReloader$$anon$2$$anonfun$reload$3$$anonfun$4$$anonfun$apply$12.apply(PlayReloader.scala:236) ~[na:na]
	at sbt.PlayReloader$$anon$2$$anonfun$reload$3$$anonfun$4$$anonfun$apply$12.apply(PlayReloader.scala:233) ~[na:na]
	at scala.Option.map(Option.scala:133) ~[scala-library.jar:0.11.3]
	at sbt.PlayReloader$$anon$2$$anonfun$reload$3$$anonfun$4.apply(PlayReloader.scala:233) ~[na:na]
	at sbt.PlayReloader$$anon$2$$anonfun$reload$3$$anonfun$4.apply(PlayReloader.scala:231) ~[na:na]
	at scala.Either$LeftProjection.map(Either.scala:183) ~[scala-library.jar:0.11.3]
	at sbt.PlayReloader$$anon$2$$anonfun$reload$3.apply(PlayReloader.scala:231) ~[na:na]
	at sbt.PlayReloader$$anon$2$$anonfun$reload$3.apply(PlayReloader.scala:226) ~[na:na]
	at scala.Option.getOrElse(Option.scala:108) ~[scala-library.jar:0.11.3]
	at sbt.PlayReloader$$anon$2.reload(PlayReloader.scala:226) ~[na:na]
	at play.core.ReloadableApplication$$anonfun$get$1.apply(ApplicationProvider.scala:110) ~[play_2.9.1.jar:2.0.4]
	at play.core.ReloadableApplication$$anonfun$get$1.apply(ApplicationProvider.scala:110) ~[play_2.9.1.jar:2.0.4]
	at akka.dispatch.Future$$anon$3.liftedTree1$1(Future.scala:195) ~[akka-actor.jar:2.0.2]
	at akka.dispatch.Future$$anon$3.run(Future.scala:194) ~[akka-actor.jar:2.0.2]
	at akka.dispatch.TaskInvocation.run(AbstractDispatcher.scala:94) ~[akka-actor.jar:2.0.2]
	at akka.jsr166y.ForkJoinTask$AdaptedRunnableAction.exec(ForkJoinTask.java:1381) ~[akka-actor.jar:2.0.2]
	at akka.jsr166y.ForkJoinTask.doExec(ForkJoinTask.java:259) ~[akka-actor.jar:2.0.2]
	at akka.jsr166y.ForkJoinPool$WorkQueue.runTask(ForkJoinPool.java:975) ~[akka-actor.jar:2.0.2]
	at akka.jsr166y.ForkJoinPool.runWorker(ForkJoinPool.java:1479) ~[akka-actor.jar:2.0.2]
	at akka.jsr166y.ForkJoinWorkerThread.run(ForkJoinWorkerThread.java:104) ~[akka-actor.jar:2.0.2]

2016-03-12 14:18:53,813 - [ERROR] - from application in New I/O  worker #2 


! Internal server error, for request [GET /manager/] ->

sbt.PlayExceptions$CompilationException: Compilation error [error: cannot find symbol]
	at sbt.PlayReloader$$anon$2$$anonfun$reload$3$$anonfun$4$$anonfun$apply$12$$anonfun$apply$13.apply(PlayReloader.scala:236) ~[na:na]
	at sbt.PlayReloader$$anon$2$$anonfun$reload$3$$anonfun$4$$anonfun$apply$12$$anonfun$apply$13.apply(PlayReloader.scala:236) ~[na:na]
	at scala.Option.map(Option.scala:133) ~[scala-library.jar:0.11.3]
	at sbt.PlayReloader$$anon$2$$anonfun$reload$3$$anonfun$4$$anonfun$apply$12.apply(PlayReloader.scala:236) ~[na:na]
	at sbt.PlayReloader$$anon$2$$anonfun$reload$3$$anonfun$4$$anonfun$apply$12.apply(PlayReloader.scala:233) ~[na:na]
	at scala.Option.map(Option.scala:133) ~[scala-library.jar:0.11.3]
	at sbt.PlayReloader$$anon$2$$anonfun$reload$3$$anonfun$4.apply(PlayReloader.scala:233) ~[na:na]
	at sbt.PlayReloader$$anon$2$$anonfun$reload$3$$anonfun$4.apply(PlayReloader.scala:231) ~[na:na]
	at scala.Either$LeftProjection.map(Either.scala:183) ~[scala-library.jar:0.11.3]
	at sbt.PlayReloader$$anon$2$$anonfun$reload$3.apply(PlayReloader.scala:231) ~[na:na]
	at sbt.PlayReloader$$anon$2$$anonfun$reload$3.apply(PlayReloader.scala:226) ~[na:na]
	at scala.Option.getOrElse(Option.scala:108) ~[scala-library.jar:0.11.3]
	at sbt.PlayReloader$$anon$2.reload(PlayReloader.scala:226) ~[na:na]
	at play.core.ReloadableApplication$$anonfun$get$1.apply(ApplicationProvider.scala:110) ~[play_2.9.1.jar:2.0.4]
	at play.core.ReloadableApplication$$anonfun$get$1.apply(ApplicationProvider.scala:110) ~[play_2.9.1.jar:2.0.4]
	at akka.dispatch.Future$$anon$3.liftedTree1$1(Future.scala:195) ~[akka-actor.jar:2.0.2]
	at akka.dispatch.Future$$anon$3.run(Future.scala:194) ~[akka-actor.jar:2.0.2]
	at akka.dispatch.TaskInvocation.run(AbstractDispatcher.scala:94) ~[akka-actor.jar:2.0.2]
	at akka.jsr166y.ForkJoinTask$AdaptedRunnableAction.exec(ForkJoinTask.java:1381) ~[akka-actor.jar:2.0.2]
	at akka.jsr166y.ForkJoinTask.doExec(ForkJoinTask.java:259) ~[akka-actor.jar:2.0.2]
	at akka.jsr166y.ForkJoinPool$WorkQueue.runTask(ForkJoinPool.java:975) ~[akka-actor.jar:2.0.2]
	at akka.jsr166y.ForkJoinPool.runWorker(ForkJoinPool.java:1479) ~[akka-actor.jar:2.0.2]
	at akka.jsr166y.ForkJoinWorkerThread.run(ForkJoinWorkerThread.java:104) ~[akka-actor.jar:2.0.2]

2016-03-12 14:19:36,541 - [ERROR] - from application in New I/O  worker #2 


! Internal server error, for request [GET /manager/] ->

sbt.PlayExceptions$CompilationException: Compilation error [error: cannot find symbol]
	at sbt.PlayReloader$$anon$2$$anonfun$reload$3$$anonfun$4$$anonfun$apply$12$$anonfun$apply$13.apply(PlayReloader.scala:236) ~[na:na]
	at sbt.PlayReloader$$anon$2$$anonfun$reload$3$$anonfun$4$$anonfun$apply$12$$anonfun$apply$13.apply(PlayReloader.scala:236) ~[na:na]
	at scala.Option.map(Option.scala:133) ~[scala-library.jar:0.11.3]
	at sbt.PlayReloader$$anon$2$$anonfun$reload$3$$anonfun$4$$anonfun$apply$12.apply(PlayReloader.scala:236) ~[na:na]
	at sbt.PlayReloader$$anon$2$$anonfun$reload$3$$anonfun$4$$anonfun$apply$12.apply(PlayReloader.scala:233) ~[na:na]
	at scala.Option.map(Option.scala:133) ~[scala-library.jar:0.11.3]
	at sbt.PlayReloader$$anon$2$$anonfun$reload$3$$anonfun$4.apply(PlayReloader.scala:233) ~[na:na]
	at sbt.PlayReloader$$anon$2$$anonfun$reload$3$$anonfun$4.apply(PlayReloader.scala:231) ~[na:na]
	at scala.Either$LeftProjection.map(Either.scala:183) ~[scala-library.jar:0.11.3]
	at sbt.PlayReloader$$anon$2$$anonfun$reload$3.apply(PlayReloader.scala:231) ~[na:na]
	at sbt.PlayReloader$$anon$2$$anonfun$reload$3.apply(PlayReloader.scala:226) ~[na:na]
	at scala.Option.getOrElse(Option.scala:108) ~[scala-library.jar:0.11.3]
	at sbt.PlayReloader$$anon$2.reload(PlayReloader.scala:226) ~[na:na]
	at play.core.ReloadableApplication$$anonfun$get$1.apply(ApplicationProvider.scala:110) ~[play_2.9.1.jar:2.0.4]
	at play.core.ReloadableApplication$$anonfun$get$1.apply(ApplicationProvider.scala:110) ~[play_2.9.1.jar:2.0.4]
	at akka.dispatch.Future$$anon$3.liftedTree1$1(Future.scala:195) ~[akka-actor.jar:2.0.2]
	at akka.dispatch.Future$$anon$3.run(Future.scala:194) ~[akka-actor.jar:2.0.2]
	at akka.dispatch.TaskInvocation.run(AbstractDispatcher.scala:94) ~[akka-actor.jar:2.0.2]
	at akka.jsr166y.ForkJoinTask$AdaptedRunnableAction.exec(ForkJoinTask.java:1381) ~[akka-actor.jar:2.0.2]
	at akka.jsr166y.ForkJoinTask.doExec(ForkJoinTask.java:259) ~[akka-actor.jar:2.0.2]
	at akka.jsr166y.ForkJoinPool$WorkQueue.runTask(ForkJoinPool.java:975) ~[akka-actor.jar:2.0.2]
	at akka.jsr166y.ForkJoinPool.runWorker(ForkJoinPool.java:1479) ~[akka-actor.jar:2.0.2]
	at akka.jsr166y.ForkJoinWorkerThread.run(ForkJoinWorkerThread.java:104) ~[akka-actor.jar:2.0.2]

2016-03-12 14:20:09,487 - [INFO] - from play in play-akka.actor.default-dispatcher-2 
Application started (Dev)

2016-03-12 14:20:12,118 - [ERROR] - from application in play-akka.actor.actions-dispatcher-11 


! @6pd0nib6a - Internal server error, for request [GET /manager/projects] ->

play.core.ActionInvoker$$anonfun$receive$1$$anon$1: Execution exception [[NullPointerException: null]]
	at play.core.ActionInvoker$$anonfun$receive$1.apply(Invoker.scala:134) [play_2.9.1.jar:2.0.4]
	at play.core.ActionInvoker$$anonfun$receive$1.apply(Invoker.scala:115) [play_2.9.1.jar:2.0.4]
	at akka.actor.Actor$class.apply(Actor.scala:318) [akka-actor.jar:2.0.2]
	at play.core.ActionInvoker.apply(Invoker.scala:113) [play_2.9.1.jar:2.0.4]
	at akka.actor.ActorCell.invoke(ActorCell.scala:626) [akka-actor.jar:2.0.2]
	at akka.dispatch.Mailbox.processMailbox(Mailbox.scala:197) [akka-actor.jar:2.0.2]
	at akka.dispatch.Mailbox.run(Mailbox.scala:179) [akka-actor.jar:2.0.2]
	at akka.dispatch.ForkJoinExecutorConfigurator$MailboxExecutionTask.exec(AbstractDispatcher.scala:516) [akka-actor.jar:2.0.2]
	at akka.jsr166y.ForkJoinTask.doExec(ForkJoinTask.java:259) [akka-actor.jar:2.0.2]
	at akka.jsr166y.ForkJoinPool$WorkQueue.runTask(ForkJoinPool.java:975) [akka-actor.jar:2.0.2]
	at akka.jsr166y.ForkJoinPool.runWorker(ForkJoinPool.java:1479) [akka-actor.jar:2.0.2]
	at akka.jsr166y.ForkJoinWorkerThread.run(ForkJoinWorkerThread.java:104) [akka-actor.jar:2.0.2]
Caused by: java.lang.NullPointerException: null
	at gr.ntua.ivml.mint.oai.model.Project.getProjectsMetadata(Project.java:51) ~[classes/:na]
	at gr.ntua.ivml.mint.oai.model.Project.getProjects(Project.java:65) ~[classes/:na]
	at controllers.Projects.getProjects(Projects.java:43) ~[classes/:2.0.4]
	at Routes$$anonfun$routes$1$$anonfun$apply$17$$anonfun$apply$18.apply(routes_routing.scala:180) ~[classes/:na]
	at Routes$$anonfun$routes$1$$anonfun$apply$17$$anonfun$apply$18.apply(routes_routing.scala:180) ~[classes/:na]
	at play.core.Router$HandlerInvoker$$anon$5$$anon$1.invocation(Router.scala:1090) ~[play_2.9.1.jar:2.0.4]
	at play.core.j.JavaAction$$anon$1.call(JavaAction.scala:33) ~[play_2.9.1.jar:2.0.4]
	at play.core.j.JavaAction$class.apply(JavaAction.scala:74) ~[play_2.9.1.jar:2.0.4]
	at play.core.Router$HandlerInvoker$$anon$5$$anon$1.apply(Router.scala:1089) ~[play_2.9.1.jar:2.0.4]
	at play.core.ActionInvoker$$anonfun$receive$1$$anonfun$6.apply(Invoker.scala:126) ~[play_2.9.1.jar:2.0.4]
	at play.core.ActionInvoker$$anonfun$receive$1$$anonfun$6.apply(Invoker.scala:126) ~[play_2.9.1.jar:2.0.4]
	at play.utils.Threads$.withContextClassLoader(Threads.scala:17) ~[play_2.9.1.jar:2.0.4]
	at play.core.ActionInvoker$$anonfun$receive$1.apply(Invoker.scala:125) [play_2.9.1.jar:2.0.4]
	... 11 common frames omitted

2016-03-12 14:24:06,602 - [ERROR] - from application in New I/O  worker #2 


! Internal server error, for request [GET /manager/] ->

sbt.PlayExceptions$CompilationException: Compilation error [error: cannot find symbol]
	at sbt.PlayReloader$$anon$2$$anonfun$reload$3$$anonfun$4$$anonfun$apply$12$$anonfun$apply$13.apply(PlayReloader.scala:236) ~[na:na]
	at sbt.PlayReloader$$anon$2$$anonfun$reload$3$$anonfun$4$$anonfun$apply$12$$anonfun$apply$13.apply(PlayReloader.scala:236) ~[na:na]
	at scala.Option.map(Option.scala:133) ~[scala-library.jar:0.11.3]
	at sbt.PlayReloader$$anon$2$$anonfun$reload$3$$anonfun$4$$anonfun$apply$12.apply(PlayReloader.scala:236) ~[na:na]
	at sbt.PlayReloader$$anon$2$$anonfun$reload$3$$anonfun$4$$anonfun$apply$12.apply(PlayReloader.scala:233) ~[na:na]
	at scala.Option.map(Option.scala:133) ~[scala-library.jar:0.11.3]
	at sbt.PlayReloader$$anon$2$$anonfun$reload$3$$anonfun$4.apply(PlayReloader.scala:233) ~[na:na]
	at sbt.PlayReloader$$anon$2$$anonfun$reload$3$$anonfun$4.apply(PlayReloader.scala:231) ~[na:na]
	at scala.Either$LeftProjection.map(Either.scala:183) ~[scala-library.jar:0.11.3]
	at sbt.PlayReloader$$anon$2$$anonfun$reload$3.apply(PlayReloader.scala:231) ~[na:na]
	at sbt.PlayReloader$$anon$2$$anonfun$reload$3.apply(PlayReloader.scala:226) ~[na:na]
	at scala.Option.getOrElse(Option.scala:108) ~[scala-library.jar:0.11.3]
	at sbt.PlayReloader$$anon$2.reload(PlayReloader.scala:226) ~[na:na]
	at play.core.ReloadableApplication$$anonfun$get$1.apply(ApplicationProvider.scala:110) ~[play_2.9.1.jar:2.0.4]
	at play.core.ReloadableApplication$$anonfun$get$1.apply(ApplicationProvider.scala:110) ~[play_2.9.1.jar:2.0.4]
	at akka.dispatch.Future$$anon$3.liftedTree1$1(Future.scala:195) ~[akka-actor.jar:2.0.2]
	at akka.dispatch.Future$$anon$3.run(Future.scala:194) ~[akka-actor.jar:2.0.2]
	at akka.dispatch.TaskInvocation.run(AbstractDispatcher.scala:94) ~[akka-actor.jar:2.0.2]
	at akka.jsr166y.ForkJoinTask$AdaptedRunnableAction.exec(ForkJoinTask.java:1381) ~[akka-actor.jar:2.0.2]
	at akka.jsr166y.ForkJoinTask.doExec(ForkJoinTask.java:259) ~[akka-actor.jar:2.0.2]
	at akka.jsr166y.ForkJoinPool$WorkQueue.runTask(ForkJoinPool.java:975) ~[akka-actor.jar:2.0.2]
	at akka.jsr166y.ForkJoinPool.runWorker(ForkJoinPool.java:1479) ~[akka-actor.jar:2.0.2]
	at akka.jsr166y.ForkJoinWorkerThread.run(ForkJoinWorkerThread.java:104) ~[akka-actor.jar:2.0.2]

2016-03-12 14:24:58,366 - [ERROR] - from application in New I/O  worker #2 


! Internal server error, for request [GET /manager/] ->

sbt.PlayExceptions$CompilationException: Compilation error [error: cannot find symbol]
	at sbt.PlayReloader$$anon$2$$anonfun$reload$3$$anonfun$4$$anonfun$apply$12$$anonfun$apply$13.apply(PlayReloader.scala:236) ~[na:na]
	at sbt.PlayReloader$$anon$2$$anonfun$reload$3$$anonfun$4$$anonfun$apply$12$$anonfun$apply$13.apply(PlayReloader.scala:236) ~[na:na]
	at scala.Option.map(Option.scala:133) ~[scala-library.jar:0.11.3]
	at sbt.PlayReloader$$anon$2$$anonfun$reload$3$$anonfun$4$$anonfun$apply$12.apply(PlayReloader.scala:236) ~[na:na]
	at sbt.PlayReloader$$anon$2$$anonfun$reload$3$$anonfun$4$$anonfun$apply$12.apply(PlayReloader.scala:233) ~[na:na]
	at scala.Option.map(Option.scala:133) ~[scala-library.jar:0.11.3]
	at sbt.PlayReloader$$anon$2$$anonfun$reload$3$$anonfun$4.apply(PlayReloader.scala:233) ~[na:na]
	at sbt.PlayReloader$$anon$2$$anonfun$reload$3$$anonfun$4.apply(PlayReloader.scala:231) ~[na:na]
	at scala.Either$LeftProjection.map(Either.scala:183) ~[scala-library.jar:0.11.3]
	at sbt.PlayReloader$$anon$2$$anonfun$reload$3.apply(PlayReloader.scala:231) ~[na:na]
	at sbt.PlayReloader$$anon$2$$anonfun$reload$3.apply(PlayReloader.scala:226) ~[na:na]
	at scala.Option.getOrElse(Option.scala:108) ~[scala-library.jar:0.11.3]
	at sbt.PlayReloader$$anon$2.reload(PlayReloader.scala:226) ~[na:na]
	at play.core.ReloadableApplication$$anonfun$get$1.apply(ApplicationProvider.scala:110) ~[play_2.9.1.jar:2.0.4]
	at play.core.ReloadableApplication$$anonfun$get$1.apply(ApplicationProvider.scala:110) ~[play_2.9.1.jar:2.0.4]
	at akka.dispatch.Future$$anon$3.liftedTree1$1(Future.scala:195) ~[akka-actor.jar:2.0.2]
	at akka.dispatch.Future$$anon$3.run(Future.scala:194) ~[akka-actor.jar:2.0.2]
	at akka.dispatch.TaskInvocation.run(AbstractDispatcher.scala:94) ~[akka-actor.jar:2.0.2]
	at akka.jsr166y.ForkJoinTask$AdaptedRunnableAction.exec(ForkJoinTask.java:1381) ~[akka-actor.jar:2.0.2]
	at akka.jsr166y.ForkJoinTask.doExec(ForkJoinTask.java:259) ~[akka-actor.jar:2.0.2]
	at akka.jsr166y.ForkJoinPool$WorkQueue.runTask(ForkJoinPool.java:975) ~[akka-actor.jar:2.0.2]
	at akka.jsr166y.ForkJoinPool.runWorker(ForkJoinPool.java:1479) ~[akka-actor.jar:2.0.2]
	at akka.jsr166y.ForkJoinWorkerThread.run(ForkJoinWorkerThread.java:104) ~[akka-actor.jar:2.0.2]

2016-03-12 14:25:23,099 - [INFO] - from play in play-akka.actor.default-dispatcher-2 
Application started (Dev)

2016-03-12 14:25:33,555 - [ERROR] - from application in play-akka.actor.actions-dispatcher-14 


! @6pd0nib6b - Internal server error, for request [GET /manager/projects/demo/overall] ->

play.core.ActionInvoker$$anonfun$receive$1$$anon$1: Execution exception [[NoSuchElementException: null]]
	at play.core.ActionInvoker$$anonfun$receive$1.apply(Invoker.scala:134) [play_2.9.1.jar:2.0.4]
	at play.core.ActionInvoker$$anonfun$receive$1.apply(Invoker.scala:115) [play_2.9.1.jar:2.0.4]
	at akka.actor.Actor$class.apply(Actor.scala:318) [akka-actor.jar:2.0.2]
	at play.core.ActionInvoker.apply(Invoker.scala:113) [play_2.9.1.jar:2.0.4]
	at akka.actor.ActorCell.invoke(ActorCell.scala:626) [akka-actor.jar:2.0.2]
	at akka.dispatch.Mailbox.processMailbox(Mailbox.scala:197) [akka-actor.jar:2.0.2]
	at akka.dispatch.Mailbox.run(Mailbox.scala:179) [akka-actor.jar:2.0.2]
	at akka.dispatch.ForkJoinExecutorConfigurator$MailboxExecutionTask.exec(AbstractDispatcher.scala:516) [akka-actor.jar:2.0.2]
	at akka.jsr166y.ForkJoinTask.doExec(ForkJoinTask.java:259) [akka-actor.jar:2.0.2]
	at akka.jsr166y.ForkJoinPool$WorkQueue.runTask(ForkJoinPool.java:975) [akka-actor.jar:2.0.2]
	at akka.jsr166y.ForkJoinPool.runWorker(ForkJoinPool.java:1479) [akka-actor.jar:2.0.2]
	at akka.jsr166y.ForkJoinWorkerThread.run(ForkJoinWorkerThread.java:104) [akka-actor.jar:2.0.2]
Caused by: java.util.NoSuchElementException: null
	at java.util.LinkedList$ListItr.next(LinkedList.java:888) ~[na:1.7.0_80]
	at com.mongodb.DBCursor._next(DBCursor.java:459) ~[mongo-2.7.3.jar:na]
	at com.mongodb.DBCursor.next(DBCursor.java:539) ~[mongo-2.7.3.jar:na]
	at gr.ntua.ivml.mint.oai.model.Project.getLatestPublicationDate(Project.java:245) ~[classes/:na]
	at controllers.Projects.getOverall(Projects.java:92) ~[classes/:2.0.4]
	at Routes$$anonfun$routes$1$$anonfun$apply$19$$anonfun$apply$20.apply(routes_routing.scala:188) ~[classes/:na]
	at Routes$$anonfun$routes$1$$anonfun$apply$19$$anonfun$apply$20.apply(routes_routing.scala:188) ~[classes/:na]
	at play.core.Router$HandlerInvoker$$anon$5$$anon$1.invocation(Router.scala:1090) ~[play_2.9.1.jar:2.0.4]
	at play.core.j.JavaAction$$anon$1.call(JavaAction.scala:33) ~[play_2.9.1.jar:2.0.4]
	at play.core.j.JavaAction$class.apply(JavaAction.scala:74) ~[play_2.9.1.jar:2.0.4]
	at play.core.Router$HandlerInvoker$$anon$5$$anon$1.apply(Router.scala:1089) ~[play_2.9.1.jar:2.0.4]
	at play.core.ActionInvoker$$anonfun$receive$1$$anonfun$6.apply(Invoker.scala:126) ~[play_2.9.1.jar:2.0.4]
	at play.core.ActionInvoker$$anonfun$receive$1$$anonfun$6.apply(Invoker.scala:126) ~[play_2.9.1.jar:2.0.4]
	at play.utils.Threads$.withContextClassLoader(Threads.scala:17) ~[play_2.9.1.jar:2.0.4]
	at play.core.ActionInvoker$$anonfun$receive$1.apply(Invoker.scala:125) [play_2.9.1.jar:2.0.4]
	... 11 common frames omitted

2016-03-12 14:25:49,073 - [ERROR] - from application in play-akka.actor.actions-dispatcher-13 


! @6pd0nib6c - Internal server error, for request [GET /manager/projects/demo/overall] ->

play.core.ActionInvoker$$anonfun$receive$1$$anon$1: Execution exception [[NoSuchElementException: null]]
	at play.core.ActionInvoker$$anonfun$receive$1.apply(Invoker.scala:134) [play_2.9.1.jar:2.0.4]
	at play.core.ActionInvoker$$anonfun$receive$1.apply(Invoker.scala:115) [play_2.9.1.jar:2.0.4]
	at akka.actor.Actor$class.apply(Actor.scala:318) [akka-actor.jar:2.0.2]
	at play.core.ActionInvoker.apply(Invoker.scala:113) [play_2.9.1.jar:2.0.4]
	at akka.actor.ActorCell.invoke(ActorCell.scala:626) [akka-actor.jar:2.0.2]
	at akka.dispatch.Mailbox.processMailbox(Mailbox.scala:197) [akka-actor.jar:2.0.2]
	at akka.dispatch.Mailbox.run(Mailbox.scala:179) [akka-actor.jar:2.0.2]
	at akka.dispatch.ForkJoinExecutorConfigurator$MailboxExecutionTask.exec(AbstractDispatcher.scala:516) [akka-actor.jar:2.0.2]
	at akka.jsr166y.ForkJoinTask.doExec(ForkJoinTask.java:259) [akka-actor.jar:2.0.2]
	at akka.jsr166y.ForkJoinPool$WorkQueue.runTask(ForkJoinPool.java:975) [akka-actor.jar:2.0.2]
	at akka.jsr166y.ForkJoinPool.runWorker(ForkJoinPool.java:1479) [akka-actor.jar:2.0.2]
	at akka.jsr166y.ForkJoinWorkerThread.run(ForkJoinWorkerThread.java:104) [akka-actor.jar:2.0.2]
Caused by: java.util.NoSuchElementException: null
	at java.util.LinkedList$ListItr.next(LinkedList.java:888) ~[na:1.7.0_80]
	at com.mongodb.DBCursor._next(DBCursor.java:459) ~[mongo-2.7.3.jar:na]
	at com.mongodb.DBCursor.next(DBCursor.java:539) ~[mongo-2.7.3.jar:na]
	at gr.ntua.ivml.mint.oai.model.Project.getLatestPublicationDate(Project.java:245) ~[classes/:na]
	at controllers.Projects.getOverall(Projects.java:92) ~[classes/:2.0.4]
	at Routes$$anonfun$routes$1$$anonfun$apply$19$$anonfun$apply$20.apply(routes_routing.scala:188) ~[classes/:na]
	at Routes$$anonfun$routes$1$$anonfun$apply$19$$anonfun$apply$20.apply(routes_routing.scala:188) ~[classes/:na]
	at play.core.Router$HandlerInvoker$$anon$5$$anon$1.invocation(Router.scala:1090) ~[play_2.9.1.jar:2.0.4]
	at play.core.j.JavaAction$$anon$1.call(JavaAction.scala:33) ~[play_2.9.1.jar:2.0.4]
	at play.core.j.JavaAction$class.apply(JavaAction.scala:74) ~[play_2.9.1.jar:2.0.4]
	at play.core.Router$HandlerInvoker$$anon$5$$anon$1.apply(Router.scala:1089) ~[play_2.9.1.jar:2.0.4]
	at play.core.ActionInvoker$$anonfun$receive$1$$anonfun$6.apply(Invoker.scala:126) ~[play_2.9.1.jar:2.0.4]
	at play.core.ActionInvoker$$anonfun$receive$1$$anonfun$6.apply(Invoker.scala:126) ~[play_2.9.1.jar:2.0.4]
	at play.utils.Threads$.withContextClassLoader(Threads.scala:17) ~[play_2.9.1.jar:2.0.4]
	at play.core.ActionInvoker$$anonfun$receive$1.apply(Invoker.scala:125) [play_2.9.1.jar:2.0.4]
	... 11 common frames omitted

